2025/09/28 14:21:06 [emerg] 1#1: invalid value "must-revalidate" in /etc/nginx/nginx.conf:37
2025/09/28 14:22:06 [emerg] 1#1: invalid value "must-revalidate" in /etc/nginx/nginx.conf:37
2025/09/28 14:23:07 [emerg] 1#1: invalid value "must-revalidate" in /etc/nginx/nginx.conf:37
2025/09/28 14:24:07 [emerg] 1#1: invalid value "must-revalidate" in /etc/nginx/nginx.conf:37
2025/09/28 14:25:07 [emerg] 1#1: invalid value "must-revalidate" in /etc/nginx/nginx.conf:37
2025/09/28 14:26:07 [emerg] 1#1: invalid value "must-revalidate" in /etc/nginx/nginx.conf:37
2025/09/28 14:27:08 [emerg] 1#1: invalid value "must-revalidate" in /etc/nginx/nginx.conf:37
2025/09/28 14:28:08 [emerg] 1#1: invalid value "must-revalidate" in /etc/nginx/nginx.conf:37
2025/09/28 14:29:08 [emerg] 1#1: invalid value "must-revalidate" in /etc/nginx/nginx.conf:37
2025/09/28 14:30:08 [emerg] 1#1: invalid value "must-revalidate" in /etc/nginx/nginx.conf:37
2025/09/28 14:31:09 [emerg] 1#1: invalid value "must-revalidate" in /etc/nginx/nginx.conf:37
2025/09/28 14:32:09 [emerg] 1#1: invalid value "must-revalidate" in /etc/nginx/nginx.conf:37
2025/09/28 14:33:10 [emerg] 1#1: invalid value "must-revalidate" in /etc/nginx/nginx.conf:37
2025/09/28 14:33:11 [emerg] 1#1: invalid value "must-revalidate" in /etc/nginx/nginx.conf:37
2025/09/28 14:33:11 [emerg] 1#1: invalid value "must-revalidate" in /etc/nginx/nginx.conf:37
2025/09/28 14:33:12 [emerg] 1#1: invalid value "must-revalidate" in /etc/nginx/nginx.conf:37
2025/09/28 14:33:13 [emerg] 1#1: invalid value "must-revalidate" in /etc/nginx/nginx.conf:37
2025/09/28 14:33:15 [emerg] 1#1: invalid value "must-revalidate" in /etc/nginx/nginx.conf:37
2025/09/28 14:33:19 [emerg] 1#1: invalid value "must-revalidate" in /etc/nginx/nginx.conf:37
2025/09/28 14:33:26 [emerg] 1#1: invalid value "must-revalidate" in /etc/nginx/nginx.conf:37
2025/09/28 14:33:39 [emerg] 1#1: invalid value "must-revalidate" in /etc/nginx/nginx.conf:37
2025/09/28 14:34:05 [emerg] 1#1: invalid value "must-revalidate" in /etc/nginx/nginx.conf:37
2025/09/28 14:34:56 [emerg] 1#1: invalid value "must-revalidate" in /etc/nginx/nginx.conf:37
2025/09/28 14:35:57 [emerg] 1#1: invalid value "must-revalidate" in /etc/nginx/nginx.conf:37
2025/09/28 14:36:57 [emerg] 1#1: invalid value "must-revalidate" in /etc/nginx/nginx.conf:37
2025/09/28 14:37:57 [emerg] 1#1: invalid value "must-revalidate" in /etc/nginx/nginx.conf:37
2025/09/28 14:38:58 [emerg] 1#1: invalid value "must-revalidate" in /etc/nginx/nginx.conf:37
2025/09/28 14:39:58 [emerg] 1#1: invalid value "must-revalidate" in /etc/nginx/nginx.conf:37
2025/09/28 14:40:58 [emerg] 1#1: invalid value "must-revalidate" in /etc/nginx/nginx.conf:37
2025/09/28 14:41:58 [emerg] 1#1: invalid value "must-revalidate" in /etc/nginx/nginx.conf:37
2025/09/28 14:42:59 [emerg] 1#1: invalid value "must-revalidate" in /etc/nginx/nginx.conf:37
2025/09/28 14:43:59 [emerg] 1#1: invalid value "must-revalidate" in /etc/nginx/nginx.conf:37
2025/09/28 14:44:59 [emerg] 1#1: invalid value "must-revalidate" in /etc/nginx/nginx.conf:37
2025/09/28 14:45:59 [emerg] 1#1: invalid value "must-revalidate" in /etc/nginx/nginx.conf:37
2025/09/28 14:47:00 [emerg] 1#1: invalid value "must-revalidate" in /etc/nginx/nginx.conf:37
2025/09/28 14:52:17 [emerg] 1#1: host not found in upstream "php-fpm:9000" in /etc/nginx/nginx.conf:56
2025/09/28 14:52:19 [emerg] 1#1: duplicate upstream "php-fpm" in /etc/nginx/conf.d/default.conf:4
2025/09/28 14:52:20 [emerg] 1#1: duplicate upstream "php-fpm" in /etc/nginx/conf.d/default.conf:4
2025/09/28 14:52:21 [emerg] 1#1: duplicate upstream "php-fpm" in /etc/nginx/conf.d/default.conf:4
2025/09/28 14:52:22 [emerg] 1#1: duplicate upstream "php-fpm" in /etc/nginx/conf.d/default.conf:4
2025/09/28 14:52:24 [emerg] 1#1: duplicate upstream "php-fpm" in /etc/nginx/conf.d/default.conf:4
2025/09/28 14:52:28 [emerg] 1#1: duplicate upstream "php-fpm" in /etc/nginx/conf.d/default.conf:4
2025/09/28 14:52:35 [emerg] 1#1: duplicate upstream "php-fpm" in /etc/nginx/conf.d/default.conf:4
2025/09/28 14:52:48 [emerg] 1#1: duplicate upstream "php-fpm" in /etc/nginx/conf.d/default.conf:4
2025/09/28 14:53:14 [emerg] 1#1: too long parameter, probably missing terminating "'" character in /etc/nginx/conf.d/default.conf:16
2025/09/28 14:53:27 [emerg] 1#1: host not found in upstream "php-fpm:9000" in /etc/nginx/conf.d/default.conf:5
2025/09/28 14:53:28 [emerg] 1#1: too long parameter, probably missing terminating "'" character in /etc/nginx/conf.d/default.conf:16
2025/09/28 14:53:29 [emerg] 1#1: too long parameter, probably missing terminating "'" character in /etc/nginx/conf.d/default.conf:16
2025/09/28 14:53:30 [emerg] 1#1: too long parameter, probably missing terminating "'" character in /etc/nginx/conf.d/default.conf:16
2025/09/28 14:53:31 [emerg] 1#1: too long parameter, probably missing terminating "'" character in /etc/nginx/conf.d/default.conf:16
2025/09/28 14:53:33 [emerg] 1#1: too long parameter, probably missing terminating "'" character in /etc/nginx/conf.d/default.conf:16
2025/09/28 14:53:36 [emerg] 1#1: too long parameter, probably missing terminating "'" character in /etc/nginx/conf.d/default.conf:16
2025/09/28 14:53:43 [emerg] 1#1: too long parameter, probably missing terminating "'" character in /etc/nginx/conf.d/default.conf:16
2025/09/28 14:53:56 [emerg] 1#1: too long parameter, probably missing terminating "'" character in /etc/nginx/conf.d/default.conf:16
2025/09/28 14:54:22 [emerg] 1#1: too long parameter, probably missing terminating "'" character in /etc/nginx/conf.d/default.conf:16
2025/09/28 14:54:23 [emerg] 1#1: too long parameter, probably missing terminating "'" character in /etc/nginx/conf.d/default.conf:16
2025/09/28 14:54:24 [emerg] 1#1: too long parameter, probably missing terminating "'" character in /etc/nginx/conf.d/default.conf:16
2025/09/28 14:54:25 [emerg] 1#1: too long parameter, probably missing terminating "'" character in /etc/nginx/conf.d/default.conf:16
2025/09/28 14:54:26 [emerg] 1#1: too long parameter, probably missing terminating "'" character in /etc/nginx/conf.d/default.conf:16
2025/09/28 14:54:28 [emerg] 1#1: too long parameter, probably missing terminating "'" character in /etc/nginx/conf.d/default.conf:16
2025/09/28 14:54:31 [emerg] 1#1: too long parameter, probably missing terminating "'" character in /etc/nginx/conf.d/default.conf:16
2025/09/28 14:54:38 [emerg] 1#1: too long parameter, probably missing terminating "'" character in /etc/nginx/conf.d/default.conf:16
2025/09/28 14:54:51 [emerg] 1#1: too long parameter, probably missing terminating "'" character in /etc/nginx/conf.d/default.conf:16
2025/09/28 14:55:17 [emerg] 1#1: too long parameter, probably missing terminating "'" character in /etc/nginx/conf.d/default.conf:16
2025/09/28 15:04:43 [error] 30#30: *2 directory index of "/workspace/beginner/php/" is forbidden, client: 169.150.207.211, server: localhost, request: "GET / HTTP/1.1", host: "localhost:8081"
2025/09/28 15:06:11 [error] 30#30: *28 directory index of "/workspace/dynamic-web-server/" is forbidden, client: 169.150.207.211, server: localhost, request: "GET / HTTP/1.1", host: "localhost:8085", referrer: "http://advanced.localhost:8080/"
2025/09/28 15:06:15 [error] 30#30: *31 directory index of "/workspace/oop/" is forbidden, client: 169.150.207.211, server: localhost, request: "GET / HTTP/1.1", host: "localhost:8084", referrer: "http://advanced.localhost:8080/"
2025/09/28 15:07:21 [error] 30#30: *31 directory index of "/workspace/oop/" is forbidden, client: 169.150.207.211, server: localhost, request: "GET / HTTP/1.1", host: "localhost:8084", referrer: "http://advanced.localhost:8080/"
2025/09/28 15:07:50 [error] 30#30: *40 directory index of "/workspace/oop/" is forbidden, client: 169.150.207.211, server: localhost, request: "GET / HTTP/1.1", host: "localhost:8084"
2025/09/28 15:07:57 [error] 30#30: *41 directory index of "/workspace/dynamic-web-server/" is forbidden, client: 169.150.207.211, server: localhost, request: "GET / HTTP/1.1", host: "localhost:8085"
2025/09/28 15:13:47 [error] 30#30: *50 directory index of "/workspace/oop/tests/" is forbidden, client: 169.150.207.211, server: localhost, request: "GET /tests/ HTTP/1.1", host: "localhost:8084", referrer: "http://localhost:8084/"
2025/09/30 10:57:37 [error] 29#29: *1 rewrite or internal redirection cycle while internally redirecting to "/index.html", client: 185.85.0.29, server: localhost, request: "HEAD / HTTP/1.1", host: "localhost:8080"
